ARM GAS  C:\Users\Rohit\AppData\Local\Temp\ccXd7hCh.s 			page 1


   1              		.cpu cortex-m0
   2              		.fpu softvfp
   3              		.eabi_attribute 20, 1
   4              		.eabi_attribute 21, 1
   5              		.eabi_attribute 23, 3
   6              		.eabi_attribute 24, 1
   7              		.eabi_attribute 25, 1
   8              		.eabi_attribute 26, 1
   9              		.eabi_attribute 30, 6
  10              		.eabi_attribute 34, 0
  11              		.eabi_attribute 18, 4
  12              		.code	16
  13              		.file	"cyfitter_cfg.c"
  14              		.text
  15              	.Ltext0:
  16              		.cfi_sections	.debug_frame
  17              		.section	.text.CYMEMZERO,"ax",%progbits
  18              		.align	2
  19              		.code	16
  20              		.thumb_func
  21              		.type	CYMEMZERO, %function
  22              	CYMEMZERO:
  23              	.LFB2:
  24              		.file 1 ".\\Generated_Source\\PSoC4\\cyfitter_cfg.c"
   1:.\Generated_Source\PSoC4/cyfitter_cfg.c **** /*******************************************************************************
   2:.\Generated_Source\PSoC4/cyfitter_cfg.c **** * File Name: cyfitter_cfg.c
   3:.\Generated_Source\PSoC4/cyfitter_cfg.c **** * 
   4:.\Generated_Source\PSoC4/cyfitter_cfg.c **** * PSoC Creator  3.3 SP2
   5:.\Generated_Source\PSoC4/cyfitter_cfg.c **** *
   6:.\Generated_Source\PSoC4/cyfitter_cfg.c **** * Description:
   7:.\Generated_Source\PSoC4/cyfitter_cfg.c **** * This file contains device initialization code.
   8:.\Generated_Source\PSoC4/cyfitter_cfg.c **** * Except for the user defined sections in CyClockStartupError(), this file should not be modified.
   9:.\Generated_Source\PSoC4/cyfitter_cfg.c **** * This file is automatically generated by PSoC Creator.
  10:.\Generated_Source\PSoC4/cyfitter_cfg.c **** *
  11:.\Generated_Source\PSoC4/cyfitter_cfg.c **** ********************************************************************************
  12:.\Generated_Source\PSoC4/cyfitter_cfg.c **** * Copyright (c) 2007-2016 Cypress Semiconductor.  All rights reserved.
  13:.\Generated_Source\PSoC4/cyfitter_cfg.c **** * You may use this file only in accordance with the license, terms, conditions, 
  14:.\Generated_Source\PSoC4/cyfitter_cfg.c **** * disclaimers, and limitations in the end user license agreement accompanying 
  15:.\Generated_Source\PSoC4/cyfitter_cfg.c **** * the software package with which this file was provided.
  16:.\Generated_Source\PSoC4/cyfitter_cfg.c **** ********************************************************************************/
  17:.\Generated_Source\PSoC4/cyfitter_cfg.c **** 
  18:.\Generated_Source\PSoC4/cyfitter_cfg.c **** #include <string.h>
  19:.\Generated_Source\PSoC4/cyfitter_cfg.c **** #include "cytypes.h"
  20:.\Generated_Source\PSoC4/cyfitter_cfg.c **** #include "cydevice_trm.h"
  21:.\Generated_Source\PSoC4/cyfitter_cfg.c **** #include "cyfitter.h"
  22:.\Generated_Source\PSoC4/cyfitter_cfg.c **** #include "CyLib.h"
  23:.\Generated_Source\PSoC4/cyfitter_cfg.c **** #include "cyfitter_cfg.h"
  24:.\Generated_Source\PSoC4/cyfitter_cfg.c **** 
  25:.\Generated_Source\PSoC4/cyfitter_cfg.c **** 
  26:.\Generated_Source\PSoC4/cyfitter_cfg.c **** #if defined(__GNUC__) || defined(__ARMCC_VERSION)
  27:.\Generated_Source\PSoC4/cyfitter_cfg.c ****     #define CYPACKED 
  28:.\Generated_Source\PSoC4/cyfitter_cfg.c ****     #define CYPACKED_ATTR __attribute__ ((packed))
  29:.\Generated_Source\PSoC4/cyfitter_cfg.c ****     #define CYALIGNED __attribute__ ((aligned))
  30:.\Generated_Source\PSoC4/cyfitter_cfg.c ****     #define CY_CFG_UNUSED __attribute__ ((unused))
  31:.\Generated_Source\PSoC4/cyfitter_cfg.c ****     #ifndef CY_CFG_SECTION
  32:.\Generated_Source\PSoC4/cyfitter_cfg.c ****         #define CY_CFG_SECTION __attribute__ ((section(".psocinit")))
  33:.\Generated_Source\PSoC4/cyfitter_cfg.c ****     #endif
ARM GAS  C:\Users\Rohit\AppData\Local\Temp\ccXd7hCh.s 			page 2


  34:.\Generated_Source\PSoC4/cyfitter_cfg.c ****     
  35:.\Generated_Source\PSoC4/cyfitter_cfg.c ****     #if defined(__ARMCC_VERSION)
  36:.\Generated_Source\PSoC4/cyfitter_cfg.c ****         #define CY_CFG_MEMORY_BARRIER() __memory_changed()
  37:.\Generated_Source\PSoC4/cyfitter_cfg.c ****     #else
  38:.\Generated_Source\PSoC4/cyfitter_cfg.c ****         #define CY_CFG_MEMORY_BARRIER() __sync_synchronize()
  39:.\Generated_Source\PSoC4/cyfitter_cfg.c ****     #endif
  40:.\Generated_Source\PSoC4/cyfitter_cfg.c ****     
  41:.\Generated_Source\PSoC4/cyfitter_cfg.c **** #elif defined(__ICCARM__)
  42:.\Generated_Source\PSoC4/cyfitter_cfg.c ****     #include <intrinsics.h>
  43:.\Generated_Source\PSoC4/cyfitter_cfg.c **** 
  44:.\Generated_Source\PSoC4/cyfitter_cfg.c ****     #define CYPACKED __packed
  45:.\Generated_Source\PSoC4/cyfitter_cfg.c ****     #define CYPACKED_ATTR 
  46:.\Generated_Source\PSoC4/cyfitter_cfg.c ****     #define CYALIGNED _Pragma("data_alignment=4")
  47:.\Generated_Source\PSoC4/cyfitter_cfg.c ****     #define CY_CFG_UNUSED _Pragma("diag_suppress=Pe177")
  48:.\Generated_Source\PSoC4/cyfitter_cfg.c ****     #define CY_CFG_SECTION _Pragma("location=\".psocinit\"")
  49:.\Generated_Source\PSoC4/cyfitter_cfg.c ****     
  50:.\Generated_Source\PSoC4/cyfitter_cfg.c ****     #define CY_CFG_MEMORY_BARRIER() __DMB()
  51:.\Generated_Source\PSoC4/cyfitter_cfg.c ****     
  52:.\Generated_Source\PSoC4/cyfitter_cfg.c **** #else
  53:.\Generated_Source\PSoC4/cyfitter_cfg.c ****     #error Unsupported toolchain
  54:.\Generated_Source\PSoC4/cyfitter_cfg.c **** #endif
  55:.\Generated_Source\PSoC4/cyfitter_cfg.c **** 
  56:.\Generated_Source\PSoC4/cyfitter_cfg.c **** 
  57:.\Generated_Source\PSoC4/cyfitter_cfg.c **** CY_CFG_UNUSED
  58:.\Generated_Source\PSoC4/cyfitter_cfg.c **** static void CYMEMZERO(void *s, size_t n);
  59:.\Generated_Source\PSoC4/cyfitter_cfg.c **** CY_CFG_UNUSED
  60:.\Generated_Source\PSoC4/cyfitter_cfg.c **** static void CYMEMZERO(void *s, size_t n)
  61:.\Generated_Source\PSoC4/cyfitter_cfg.c **** {
  25              		.loc 1 61 0
  26              		.cfi_startproc
  27 0000 80B5     		push	{r7, lr}
  28              		.cfi_def_cfa_offset 8
  29              		.cfi_offset 7, -8
  30              		.cfi_offset 14, -4
  31 0002 82B0     		sub	sp, sp, #8
  32              		.cfi_def_cfa_offset 16
  33 0004 00AF     		add	r7, sp, #0
  34              		.cfi_def_cfa_register 7
  35 0006 7860     		str	r0, [r7, #4]
  36 0008 3960     		str	r1, [r7]
  62:.\Generated_Source\PSoC4/cyfitter_cfg.c **** 	(void)memset(s, 0, n);
  37              		.loc 1 62 0
  38 000a 7A68     		ldr	r2, [r7, #4]
  39 000c 3B68     		ldr	r3, [r7]
  40 000e 101C     		mov	r0, r2
  41 0010 0021     		mov	r1, #0
  42 0012 1A1C     		mov	r2, r3
  43 0014 FFF7FEFF 		bl	memset
  63:.\Generated_Source\PSoC4/cyfitter_cfg.c **** }
  44              		.loc 1 63 0
  45 0018 BD46     		mov	sp, r7
  46 001a 02B0     		add	sp, sp, #8
  47              		@ sp needed
  48 001c 80BD     		pop	{r7, pc}
  49              		.cfi_endproc
  50              	.LFE2:
  51              		.size	CYMEMZERO, .-CYMEMZERO
ARM GAS  C:\Users\Rohit\AppData\Local\Temp\ccXd7hCh.s 			page 3


  52 001e C046     		.section	.text.CYCONFIGCPY,"ax",%progbits
  53              		.align	2
  54              		.code	16
  55              		.thumb_func
  56              		.type	CYCONFIGCPY, %function
  57              	CYCONFIGCPY:
  58              	.LFB3:
  64:.\Generated_Source\PSoC4/cyfitter_cfg.c **** CY_CFG_UNUSED
  65:.\Generated_Source\PSoC4/cyfitter_cfg.c **** static void CYCONFIGCPY(void *dest, const void *src, size_t n);
  66:.\Generated_Source\PSoC4/cyfitter_cfg.c **** CY_CFG_UNUSED
  67:.\Generated_Source\PSoC4/cyfitter_cfg.c **** static void CYCONFIGCPY(void *dest, const void *src, size_t n)
  68:.\Generated_Source\PSoC4/cyfitter_cfg.c **** {
  59              		.loc 1 68 0
  60              		.cfi_startproc
  61 0000 80B5     		push	{r7, lr}
  62              		.cfi_def_cfa_offset 8
  63              		.cfi_offset 7, -8
  64              		.cfi_offset 14, -4
  65 0002 84B0     		sub	sp, sp, #16
  66              		.cfi_def_cfa_offset 24
  67 0004 00AF     		add	r7, sp, #0
  68              		.cfi_def_cfa_register 7
  69 0006 F860     		str	r0, [r7, #12]
  70 0008 B960     		str	r1, [r7, #8]
  71 000a 7A60     		str	r2, [r7, #4]
  69:.\Generated_Source\PSoC4/cyfitter_cfg.c **** 	(void)memcpy(dest, src, n);
  72              		.loc 1 69 0
  73 000c F968     		ldr	r1, [r7, #12]
  74 000e BA68     		ldr	r2, [r7, #8]
  75 0010 7B68     		ldr	r3, [r7, #4]
  76 0012 081C     		mov	r0, r1
  77 0014 111C     		mov	r1, r2
  78 0016 1A1C     		mov	r2, r3
  79 0018 FFF7FEFF 		bl	memcpy
  70:.\Generated_Source\PSoC4/cyfitter_cfg.c **** }
  80              		.loc 1 70 0
  81 001c BD46     		mov	sp, r7
  82 001e 04B0     		add	sp, sp, #16
  83              		@ sp needed
  84 0020 80BD     		pop	{r7, pc}
  85              		.cfi_endproc
  86              	.LFE3:
  87              		.size	CYCONFIGCPY, .-CYCONFIGCPY
  88 0022 C046     		.section	.text.CYCONFIGCPYCODE,"ax",%progbits
  89              		.align	2
  90              		.code	16
  91              		.thumb_func
  92              		.type	CYCONFIGCPYCODE, %function
  93              	CYCONFIGCPYCODE:
  94              	.LFB4:
  71:.\Generated_Source\PSoC4/cyfitter_cfg.c **** CY_CFG_UNUSED
  72:.\Generated_Source\PSoC4/cyfitter_cfg.c **** static void CYCONFIGCPYCODE(void *dest, const void *src, size_t n);
  73:.\Generated_Source\PSoC4/cyfitter_cfg.c **** CY_CFG_UNUSED
  74:.\Generated_Source\PSoC4/cyfitter_cfg.c **** static void CYCONFIGCPYCODE(void *dest, const void *src, size_t n)
  75:.\Generated_Source\PSoC4/cyfitter_cfg.c **** {
  95              		.loc 1 75 0
  96              		.cfi_startproc
ARM GAS  C:\Users\Rohit\AppData\Local\Temp\ccXd7hCh.s 			page 4


  97 0000 80B5     		push	{r7, lr}
  98              		.cfi_def_cfa_offset 8
  99              		.cfi_offset 7, -8
 100              		.cfi_offset 14, -4
 101 0002 84B0     		sub	sp, sp, #16
 102              		.cfi_def_cfa_offset 24
 103 0004 00AF     		add	r7, sp, #0
 104              		.cfi_def_cfa_register 7
 105 0006 F860     		str	r0, [r7, #12]
 106 0008 B960     		str	r1, [r7, #8]
 107 000a 7A60     		str	r2, [r7, #4]
  76:.\Generated_Source\PSoC4/cyfitter_cfg.c **** 	(void)memcpy(dest, src, n);
 108              		.loc 1 76 0
 109 000c F968     		ldr	r1, [r7, #12]
 110 000e BA68     		ldr	r2, [r7, #8]
 111 0010 7B68     		ldr	r3, [r7, #4]
 112 0012 081C     		mov	r0, r1
 113 0014 111C     		mov	r1, r2
 114 0016 1A1C     		mov	r2, r3
 115 0018 FFF7FEFF 		bl	memcpy
  77:.\Generated_Source\PSoC4/cyfitter_cfg.c **** }
 116              		.loc 1 77 0
 117 001c BD46     		mov	sp, r7
 118 001e 04B0     		add	sp, sp, #16
 119              		@ sp needed
 120 0020 80BD     		pop	{r7, pc}
 121              		.cfi_endproc
 122              	.LFE4:
 123              		.size	CYCONFIGCPYCODE, .-CYCONFIGCPYCODE
 124 0022 C046     		.section	.psocinit,"ax",%progbits
 125              		.align	2
 126              		.code	16
 127              		.thumb_func
 128              		.type	ClockSetup, %function
 129              	ClockSetup:
 130              	.LFB5:
  78:.\Generated_Source\PSoC4/cyfitter_cfg.c **** 
  79:.\Generated_Source\PSoC4/cyfitter_cfg.c **** 
  80:.\Generated_Source\PSoC4/cyfitter_cfg.c **** 
  81:.\Generated_Source\PSoC4/cyfitter_cfg.c **** /* Clock startup error codes                                                   */
  82:.\Generated_Source\PSoC4/cyfitter_cfg.c **** #define CYCLOCKSTART_NO_ERROR    0u
  83:.\Generated_Source\PSoC4/cyfitter_cfg.c **** #define CYCLOCKSTART_XTAL_ERROR  1u
  84:.\Generated_Source\PSoC4/cyfitter_cfg.c **** #define CYCLOCKSTART_32KHZ_ERROR 2u
  85:.\Generated_Source\PSoC4/cyfitter_cfg.c **** #define CYCLOCKSTART_PLL_ERROR   3u
  86:.\Generated_Source\PSoC4/cyfitter_cfg.c **** 
  87:.\Generated_Source\PSoC4/cyfitter_cfg.c **** #ifdef CY_NEED_CYCLOCKSTARTUPERROR
  88:.\Generated_Source\PSoC4/cyfitter_cfg.c **** /*******************************************************************************
  89:.\Generated_Source\PSoC4/cyfitter_cfg.c **** * Function Name: CyClockStartupError
  90:.\Generated_Source\PSoC4/cyfitter_cfg.c **** ********************************************************************************
  91:.\Generated_Source\PSoC4/cyfitter_cfg.c **** * Summary:
  92:.\Generated_Source\PSoC4/cyfitter_cfg.c **** *  If an error is encountered during clock configuration (crystal startup error,
  93:.\Generated_Source\PSoC4/cyfitter_cfg.c **** *  PLL lock error, etc.), the system will end up here.  Unless reimplemented by
  94:.\Generated_Source\PSoC4/cyfitter_cfg.c **** *  the customer, this function will stop in an infinite loop.
  95:.\Generated_Source\PSoC4/cyfitter_cfg.c **** *
  96:.\Generated_Source\PSoC4/cyfitter_cfg.c **** * Parameters:
  97:.\Generated_Source\PSoC4/cyfitter_cfg.c **** *   void
  98:.\Generated_Source\PSoC4/cyfitter_cfg.c **** *
ARM GAS  C:\Users\Rohit\AppData\Local\Temp\ccXd7hCh.s 			page 5


  99:.\Generated_Source\PSoC4/cyfitter_cfg.c **** * Return:
 100:.\Generated_Source\PSoC4/cyfitter_cfg.c **** *   void
 101:.\Generated_Source\PSoC4/cyfitter_cfg.c **** *
 102:.\Generated_Source\PSoC4/cyfitter_cfg.c **** *******************************************************************************/
 103:.\Generated_Source\PSoC4/cyfitter_cfg.c **** CY_CFG_UNUSED
 104:.\Generated_Source\PSoC4/cyfitter_cfg.c **** static void CyClockStartupError(uint8 errorCode);
 105:.\Generated_Source\PSoC4/cyfitter_cfg.c **** CY_CFG_UNUSED
 106:.\Generated_Source\PSoC4/cyfitter_cfg.c **** static void CyClockStartupError(uint8 errorCode)
 107:.\Generated_Source\PSoC4/cyfitter_cfg.c **** {
 108:.\Generated_Source\PSoC4/cyfitter_cfg.c ****     /* To remove the compiler warning if errorCode not used.                */
 109:.\Generated_Source\PSoC4/cyfitter_cfg.c ****     errorCode = errorCode;
 110:.\Generated_Source\PSoC4/cyfitter_cfg.c **** 
 111:.\Generated_Source\PSoC4/cyfitter_cfg.c ****     /* `#START CyClockStartupError` */
 112:.\Generated_Source\PSoC4/cyfitter_cfg.c **** 
 113:.\Generated_Source\PSoC4/cyfitter_cfg.c ****     /* If we have a clock startup error (bad MHz crystal, PLL lock, etc.),  */
 114:.\Generated_Source\PSoC4/cyfitter_cfg.c ****     /* we will end up here to allow the customer to implement something to  */
 115:.\Generated_Source\PSoC4/cyfitter_cfg.c ****     /* deal with the clock condition.                                       */
 116:.\Generated_Source\PSoC4/cyfitter_cfg.c **** 
 117:.\Generated_Source\PSoC4/cyfitter_cfg.c ****     /* `#END` */
 118:.\Generated_Source\PSoC4/cyfitter_cfg.c **** 
 119:.\Generated_Source\PSoC4/cyfitter_cfg.c ****     /* If nothing else, stop here since the clocks have not started         */
 120:.\Generated_Source\PSoC4/cyfitter_cfg.c ****     /* correctly.                                                           */
 121:.\Generated_Source\PSoC4/cyfitter_cfg.c ****     while(1) {}
 122:.\Generated_Source\PSoC4/cyfitter_cfg.c **** }
 123:.\Generated_Source\PSoC4/cyfitter_cfg.c **** #endif
 124:.\Generated_Source\PSoC4/cyfitter_cfg.c **** 
 125:.\Generated_Source\PSoC4/cyfitter_cfg.c **** 
 126:.\Generated_Source\PSoC4/cyfitter_cfg.c **** 
 127:.\Generated_Source\PSoC4/cyfitter_cfg.c **** /*******************************************************************************
 128:.\Generated_Source\PSoC4/cyfitter_cfg.c **** * Function Name: ClockSetup
 129:.\Generated_Source\PSoC4/cyfitter_cfg.c **** ********************************************************************************
 130:.\Generated_Source\PSoC4/cyfitter_cfg.c **** *
 131:.\Generated_Source\PSoC4/cyfitter_cfg.c **** * Summary:
 132:.\Generated_Source\PSoC4/cyfitter_cfg.c **** *   Performs the initialization of all of the clocks in the device based on the
 133:.\Generated_Source\PSoC4/cyfitter_cfg.c **** *   settings in the Clock tab of the DWR.  This includes enabling the requested
 134:.\Generated_Source\PSoC4/cyfitter_cfg.c **** *   clocks and setting the necessary dividers to produce the desired frequency. 
 135:.\Generated_Source\PSoC4/cyfitter_cfg.c **** *
 136:.\Generated_Source\PSoC4/cyfitter_cfg.c **** * Parameters:
 137:.\Generated_Source\PSoC4/cyfitter_cfg.c **** *   void
 138:.\Generated_Source\PSoC4/cyfitter_cfg.c **** *
 139:.\Generated_Source\PSoC4/cyfitter_cfg.c **** * Return:
 140:.\Generated_Source\PSoC4/cyfitter_cfg.c **** *   void
 141:.\Generated_Source\PSoC4/cyfitter_cfg.c **** *
 142:.\Generated_Source\PSoC4/cyfitter_cfg.c **** *******************************************************************************/
 143:.\Generated_Source\PSoC4/cyfitter_cfg.c **** static void ClockSetup(void);
 144:.\Generated_Source\PSoC4/cyfitter_cfg.c **** CY_CFG_SECTION
 145:.\Generated_Source\PSoC4/cyfitter_cfg.c **** static void ClockSetup(void)
 146:.\Generated_Source\PSoC4/cyfitter_cfg.c **** {
 131              		.loc 1 146 0
 132              		.cfi_startproc
 133 0000 80B5     		push	{r7, lr}
 134              		.cfi_def_cfa_offset 8
 135              		.cfi_offset 7, -8
 136              		.cfi_offset 14, -4
 137 0002 00AF     		add	r7, sp, #0
 138              		.cfi_def_cfa_register 7
 147:.\Generated_Source\PSoC4/cyfitter_cfg.c **** 
ARM GAS  C:\Users\Rohit\AppData\Local\Temp\ccXd7hCh.s 			page 6


 148:.\Generated_Source\PSoC4/cyfitter_cfg.c **** 	/* Set Flash Cycles based on max possible frequency in case a glitch occurs during ClockSetup(). *
 149:.\Generated_Source\PSoC4/cyfitter_cfg.c **** 	CY_SET_REG32((void CYXDATA *)(CYREG_CPUSS_FLASH_CTL), (0x0012u));
 139              		.loc 1 149 0
 140 0004 224B     		ldr	r3, .L5
 141 0006 1222     		mov	r2, #18
 142 0008 1A60     		str	r2, [r3]
 150:.\Generated_Source\PSoC4/cyfitter_cfg.c **** 
 151:.\Generated_Source\PSoC4/cyfitter_cfg.c **** 	/* Start the WCO */
 152:.\Generated_Source\PSoC4/cyfitter_cfg.c **** 	CySysClkWcoStart();
 143              		.loc 1 152 0
 144 000a FFF7FEFF 		bl	CySysClkWcoStart
 153:.\Generated_Source\PSoC4/cyfitter_cfg.c **** 	CyDelayCycles(12000000u); /* WCO may take up to 500ms to start */
 145              		.loc 1 153 0
 146 000e 214B     		ldr	r3, .L5+4
 147 0010 181C     		mov	r0, r3
 148 0012 FFF7FEFF 		bl	CyDelayCycles
 154:.\Generated_Source\PSoC4/cyfitter_cfg.c **** 	(void)CySysClkWcoSetPowerMode(CY_SYS_CLK_WCO_LPM);    /* Switch to the low power mode */
 149              		.loc 1 154 0
 150 0016 0120     		mov	r0, #1
 151 0018 FFF7FEFF 		bl	CySysClkWcoSetPowerMode
 155:.\Generated_Source\PSoC4/cyfitter_cfg.c **** 
 156:.\Generated_Source\PSoC4/cyfitter_cfg.c **** 	/* Setup and trim IMO based on desired frequency. */
 157:.\Generated_Source\PSoC4/cyfitter_cfg.c **** 	CySysClkWriteImoFreq(48u);
 152              		.loc 1 157 0
 153 001c 3020     		mov	r0, #48
 154 001e FFF7FEFF 		bl	CySysClkWriteImoFreq
 158:.\Generated_Source\PSoC4/cyfitter_cfg.c **** 	/* CYDEV_CLK_ILO_CONFIG Starting address: CYDEV_CLK_ILO_CONFIG */
 159:.\Generated_Source\PSoC4/cyfitter_cfg.c **** 	CY_SET_XTND_REG32((void CYFAR *)(CYREG_CLK_ILO_CONFIG), 0x80000006u);
 155              		.loc 1 159 0
 156 0022 1D4B     		ldr	r3, .L5+8
 157 0024 1D4A     		ldr	r2, .L5+12
 158 0026 1A60     		str	r2, [r3]
 160:.\Generated_Source\PSoC4/cyfitter_cfg.c **** 
 161:.\Generated_Source\PSoC4/cyfitter_cfg.c **** 	/* CYDEV_WDT_CONFIG Starting address: CYDEV_WDT_CONFIG */
 162:.\Generated_Source\PSoC4/cyfitter_cfg.c **** 	CY_SET_XTND_REG32((void CYFAR *)(CYREG_WDT_CONFIG), 0x40000000u);
 159              		.loc 1 162 0
 160 0028 1D4B     		ldr	r3, .L5+16
 161 002a 8022     		mov	r2, #128
 162 002c D205     		lsl	r2, r2, #23
 163 002e 1A60     		str	r2, [r3]
 163:.\Generated_Source\PSoC4/cyfitter_cfg.c **** 
 164:.\Generated_Source\PSoC4/cyfitter_cfg.c **** 
 165:.\Generated_Source\PSoC4/cyfitter_cfg.c **** 	/* Enable fast start mode for XO */
 166:.\Generated_Source\PSoC4/cyfitter_cfg.c **** 	CY_SET_REG32((void*)CYREG_BLE_BLERD_BB_XO, CY_GET_REG32((void*)CYREG_BLE_BLERD_BB_XO) | (uint32)0x
 164              		.loc 1 166 0
 165 0030 1C4B     		ldr	r3, .L5+20
 166 0032 1C4A     		ldr	r2, .L5+20
 167 0034 1268     		ldr	r2, [r2]
 168 0036 0221     		mov	r1, #2
 169 0038 0A43     		orr	r2, r1
 170 003a 1A60     		str	r2, [r3]
 167:.\Generated_Source\PSoC4/cyfitter_cfg.c **** 	CY_SET_XTND_REG32((void CYFAR *)(CYREG_BLE_BLERD_BB_XO_CAPTRIM), 0x00003E2Du);
 171              		.loc 1 167 0
 172 003c 1A4B     		ldr	r3, .L5+24
 173 003e 1B4A     		ldr	r2, .L5+28
 174 0040 1A60     		str	r2, [r3]
 168:.\Generated_Source\PSoC4/cyfitter_cfg.c **** 	/* Disable Crystal Stable Interrupt before enabling ECO */
ARM GAS  C:\Users\Rohit\AppData\Local\Temp\ccXd7hCh.s 			page 7


 169:.\Generated_Source\PSoC4/cyfitter_cfg.c **** 	CY_SET_REG32((void*)CYREG_BLE_BLESS_LL_DSM_CTRL, CY_GET_REG32((void*)CYREG_BLE_BLESS_LL_DSM_CTRL) 
 175              		.loc 1 169 0
 176 0042 1B4B     		ldr	r3, .L5+32
 177 0044 1A4A     		ldr	r2, .L5+32
 178 0046 1268     		ldr	r2, [r2]
 179 0048 0821     		mov	r1, #8
 180 004a 8A43     		bic	r2, r1
 181 004c 1A60     		str	r2, [r3]
 170:.\Generated_Source\PSoC4/cyfitter_cfg.c **** 	/* Start the ECO and do not check status since it is not needed for HFCLK */
 171:.\Generated_Source\PSoC4/cyfitter_cfg.c **** 	(void)CySysClkEcoStart(2000u);
 182              		.loc 1 171 0
 183 004e FA23     		mov	r3, #250
 184 0050 DB00     		lsl	r3, r3, #3
 185 0052 181C     		mov	r0, r3
 186 0054 FFF7FEFF 		bl	CySysClkEcoStart
 172:.\Generated_Source\PSoC4/cyfitter_cfg.c **** 	CyDelayUs(1500u); /* Wait to stabalize */
 187              		.loc 1 172 0
 188 0058 164B     		ldr	r3, .L5+36
 189 005a 181C     		mov	r0, r3
 190 005c FFF7FEFF 		bl	CyDelayUs
 173:.\Generated_Source\PSoC4/cyfitter_cfg.c **** 
 174:.\Generated_Source\PSoC4/cyfitter_cfg.c **** 	/* Setup phase aligned clocks */
 175:.\Generated_Source\PSoC4/cyfitter_cfg.c **** 	CY_SET_REG32((void *)CYREG_PERI_DIV_16_CTL0, 0x00BB7F00u);
 191              		.loc 1 175 0
 192 0060 154B     		ldr	r3, .L5+40
 193 0062 164A     		ldr	r2, .L5+44
 194 0064 1A60     		str	r2, [r3]
 176:.\Generated_Source\PSoC4/cyfitter_cfg.c **** 	CY_SET_REG32((void *)CYREG_PERI_DIV_CMD, 0x8000FF40u);
 195              		.loc 1 176 0
 196 0066 164B     		ldr	r3, .L5+48
 197 0068 164A     		ldr	r2, .L5+52
 198 006a 1A60     		str	r2, [r3]
 177:.\Generated_Source\PSoC4/cyfitter_cfg.c **** 
 178:.\Generated_Source\PSoC4/cyfitter_cfg.c **** 	/* CYDEV_CLK_IMO_CONFIG Starting address: CYDEV_CLK_IMO_CONFIG */
 179:.\Generated_Source\PSoC4/cyfitter_cfg.c **** 	CY_SET_XTND_REG32((void CYFAR *)(CYREG_CLK_IMO_CONFIG), 0x80000000u);
 199              		.loc 1 179 0
 200 006c 164B     		ldr	r3, .L5+56
 201 006e 8022     		mov	r2, #128
 202 0070 1206     		lsl	r2, r2, #24
 203 0072 1A60     		str	r2, [r3]
 180:.\Generated_Source\PSoC4/cyfitter_cfg.c **** 
 181:.\Generated_Source\PSoC4/cyfitter_cfg.c **** 	/* CYDEV_CLK_SELECT Starting address: CYDEV_CLK_SELECT */
 182:.\Generated_Source\PSoC4/cyfitter_cfg.c **** 	CY_SET_XTND_REG32((void CYFAR *)(CYREG_CLK_SELECT), 0x00040000u);
 204              		.loc 1 182 0
 205 0074 154B     		ldr	r3, .L5+60
 206 0076 8022     		mov	r2, #128
 207 0078 D202     		lsl	r2, r2, #11
 208 007a 1A60     		str	r2, [r3]
 183:.\Generated_Source\PSoC4/cyfitter_cfg.c **** 
 184:.\Generated_Source\PSoC4/cyfitter_cfg.c **** 	/* CYDEV_PERI_PCLK_CTL7 Starting address: CYDEV_PERI_PCLK_CTL7 */
 185:.\Generated_Source\PSoC4/cyfitter_cfg.c **** 	CY_SET_XTND_REG32((void CYFAR *)(CYREG_PERI_PCLK_CTL7), 0x00000040u);
 209              		.loc 1 185 0
 210 007c 144B     		ldr	r3, .L5+64
 211 007e 4022     		mov	r2, #64
 212 0080 1A60     		str	r2, [r3]
 186:.\Generated_Source\PSoC4/cyfitter_cfg.c **** 
 187:.\Generated_Source\PSoC4/cyfitter_cfg.c **** 	CY_SET_XTND_REG32((void CYFAR *)(CYREG_WDT_CONFIG), 0x40000000u);
ARM GAS  C:\Users\Rohit\AppData\Local\Temp\ccXd7hCh.s 			page 8


 213              		.loc 1 187 0
 214 0082 074B     		ldr	r3, .L5+16
 215 0084 8022     		mov	r2, #128
 216 0086 D205     		lsl	r2, r2, #23
 217 0088 1A60     		str	r2, [r3]
 188:.\Generated_Source\PSoC4/cyfitter_cfg.c **** }
 218              		.loc 1 188 0
 219 008a BD46     		mov	sp, r7
 220              		@ sp needed
 221 008c 80BD     		pop	{r7, pc}
 222              	.L6:
 223 008e C046     		.align	2
 224              	.L5:
 225 0090 30001040 		.word	1074790448
 226 0094 001BB700 		.word	12000000
 227 0098 04010B40 		.word	1074462980
 228 009c 06000080 		.word	-2147483642
 229 00a0 0C020B40 		.word	1074463244
 230 00a4 78002E40 		.word	1076756600
 231 00a8 7C002E40 		.word	1076756604
 232 00ac 2D3E0000 		.word	15917
 233 00b0 6CF02E40 		.word	1076818028
 234 00b4 DC050000 		.word	1500
 235 00b8 00030140 		.word	1073808128
 236 00bc 007FBB00 		.word	12287744
 237 00c0 00000140 		.word	1073807360
 238 00c4 40FF0080 		.word	-2147418304
 239 00c8 08010B40 		.word	1074462984
 240 00cc 00010B40 		.word	1074462976
 241 00d0 1C010140 		.word	1073807644
 242              		.cfi_endproc
 243              	.LFE5:
 244              		.size	ClockSetup, .-ClockSetup
 245              		.section	.text.AnalogSetDefault,"ax",%progbits
 246              		.align	2
 247              		.code	16
 248              		.thumb_func
 249              		.type	AnalogSetDefault, %function
 250              	AnalogSetDefault:
 251              	.LFB6:
 189:.\Generated_Source\PSoC4/cyfitter_cfg.c **** 
 190:.\Generated_Source\PSoC4/cyfitter_cfg.c **** 
 191:.\Generated_Source\PSoC4/cyfitter_cfg.c **** /* Analog API Functions */
 192:.\Generated_Source\PSoC4/cyfitter_cfg.c **** 
 193:.\Generated_Source\PSoC4/cyfitter_cfg.c **** 
 194:.\Generated_Source\PSoC4/cyfitter_cfg.c **** /*******************************************************************************
 195:.\Generated_Source\PSoC4/cyfitter_cfg.c **** * Function Name: AnalogSetDefault
 196:.\Generated_Source\PSoC4/cyfitter_cfg.c **** ********************************************************************************
 197:.\Generated_Source\PSoC4/cyfitter_cfg.c **** *
 198:.\Generated_Source\PSoC4/cyfitter_cfg.c **** * Summary:
 199:.\Generated_Source\PSoC4/cyfitter_cfg.c **** *  Sets up the analog portions of the chip to default values based on chip
 200:.\Generated_Source\PSoC4/cyfitter_cfg.c **** *  configuration options from the project.
 201:.\Generated_Source\PSoC4/cyfitter_cfg.c **** *
 202:.\Generated_Source\PSoC4/cyfitter_cfg.c **** * Parameters:
 203:.\Generated_Source\PSoC4/cyfitter_cfg.c **** *  void
 204:.\Generated_Source\PSoC4/cyfitter_cfg.c **** *
 205:.\Generated_Source\PSoC4/cyfitter_cfg.c **** * Return:
ARM GAS  C:\Users\Rohit\AppData\Local\Temp\ccXd7hCh.s 			page 9


 206:.\Generated_Source\PSoC4/cyfitter_cfg.c **** *  void
 207:.\Generated_Source\PSoC4/cyfitter_cfg.c **** *
 208:.\Generated_Source\PSoC4/cyfitter_cfg.c **** *******************************************************************************/
 209:.\Generated_Source\PSoC4/cyfitter_cfg.c **** static void AnalogSetDefault(void);
 210:.\Generated_Source\PSoC4/cyfitter_cfg.c **** static void AnalogSetDefault(void)
 211:.\Generated_Source\PSoC4/cyfitter_cfg.c **** {
 252              		.loc 1 211 0
 253              		.cfi_startproc
 254 0000 80B5     		push	{r7, lr}
 255              		.cfi_def_cfa_offset 8
 256              		.cfi_offset 7, -8
 257              		.cfi_offset 14, -4
 258 0002 00AF     		add	r7, sp, #0
 259              		.cfi_def_cfa_register 7
 212:.\Generated_Source\PSoC4/cyfitter_cfg.c **** 	CY_SET_XTND_REG32((void CYFAR *)CYREG_CTBM0_DFT_CTRL, 0x00000003u);
 260              		.loc 1 212 0
 261 0004 054B     		ldr	r3, .L8
 262 0006 0322     		mov	r2, #3
 263 0008 1A60     		str	r2, [r3]
 213:.\Generated_Source\PSoC4/cyfitter_cfg.c **** 	CY_SET_XTND_REG32((void CYFAR *)CYREG_CTBM1_DFT_CTRL, 0x00000003u);
 264              		.loc 1 213 0
 265 000a 054B     		ldr	r3, .L8+4
 266 000c 0322     		mov	r2, #3
 267 000e 1A60     		str	r2, [r3]
 214:.\Generated_Source\PSoC4/cyfitter_cfg.c **** 	CY_SET_XTND_REG32((void CYFAR *)CYREG_PASS_DSAB_DSAB_CTRL, 0x00000000u);
 268              		.loc 1 214 0
 269 0010 044B     		ldr	r3, .L8+8
 270 0012 0022     		mov	r2, #0
 271 0014 1A60     		str	r2, [r3]
 215:.\Generated_Source\PSoC4/cyfitter_cfg.c **** }
 272              		.loc 1 215 0
 273 0016 BD46     		mov	sp, r7
 274              		@ sp needed
 275 0018 80BD     		pop	{r7, pc}
 276              	.L9:
 277 001a C046     		.align	2
 278              	.L8:
 279 001c 30003040 		.word	1076887600
 280 0020 30003140 		.word	1076953136
 281 0024 000E3F40 		.word	1077874176
 282              		.cfi_endproc
 283              	.LFE6:
 284              		.size	AnalogSetDefault, .-AnalogSetDefault
 285              		.section	.psocinit
 286              		.align	2
 287              		.global	cyfitter_cfg
 288              		.code	16
 289              		.thumb_func
 290              		.type	cyfitter_cfg, %function
 291              	cyfitter_cfg:
 292              	.LFB7:
 216:.\Generated_Source\PSoC4/cyfitter_cfg.c **** 
 217:.\Generated_Source\PSoC4/cyfitter_cfg.c **** #define CY_AMUX_UNUSED CYREG_CM0_ROM_DWT
 218:.\Generated_Source\PSoC4/cyfitter_cfg.c **** 
 219:.\Generated_Source\PSoC4/cyfitter_cfg.c **** 
 220:.\Generated_Source\PSoC4/cyfitter_cfg.c **** /*******************************************************************************
 221:.\Generated_Source\PSoC4/cyfitter_cfg.c **** * Function Name: cyfitter_cfg
ARM GAS  C:\Users\Rohit\AppData\Local\Temp\ccXd7hCh.s 			page 10


 222:.\Generated_Source\PSoC4/cyfitter_cfg.c **** ********************************************************************************
 223:.\Generated_Source\PSoC4/cyfitter_cfg.c **** * Summary:
 224:.\Generated_Source\PSoC4/cyfitter_cfg.c **** *  This function is called by the start-up code for the selected device. It
 225:.\Generated_Source\PSoC4/cyfitter_cfg.c **** *  performs all of the necessary device configuration based on the design
 226:.\Generated_Source\PSoC4/cyfitter_cfg.c **** *  settings.  This includes settings from the Design Wide Resources (DWR) such
 227:.\Generated_Source\PSoC4/cyfitter_cfg.c **** *  as Clocks and Pins as well as any component configuration that is necessary.
 228:.\Generated_Source\PSoC4/cyfitter_cfg.c **** *
 229:.\Generated_Source\PSoC4/cyfitter_cfg.c **** * Parameters:  
 230:.\Generated_Source\PSoC4/cyfitter_cfg.c **** *   void
 231:.\Generated_Source\PSoC4/cyfitter_cfg.c **** *
 232:.\Generated_Source\PSoC4/cyfitter_cfg.c **** * Return:
 233:.\Generated_Source\PSoC4/cyfitter_cfg.c **** *   void
 234:.\Generated_Source\PSoC4/cyfitter_cfg.c **** *
 235:.\Generated_Source\PSoC4/cyfitter_cfg.c **** *******************************************************************************/
 236:.\Generated_Source\PSoC4/cyfitter_cfg.c **** CY_CFG_SECTION
 237:.\Generated_Source\PSoC4/cyfitter_cfg.c **** void cyfitter_cfg(void)
 238:.\Generated_Source\PSoC4/cyfitter_cfg.c **** {
 293              		.loc 1 238 0
 294              		.cfi_startproc
 295 00d4 80B5     		push	{r7, lr}
 296              		.cfi_def_cfa_offset 8
 297              		.cfi_offset 7, -8
 298              		.cfi_offset 14, -4
 299 00d6 82B0     		sub	sp, sp, #8
 300              		.cfi_def_cfa_offset 16
 301 00d8 00AF     		add	r7, sp, #0
 302              		.cfi_def_cfa_register 7
 239:.\Generated_Source\PSoC4/cyfitter_cfg.c **** 	/* Disable interrupts by default. Let user enable if/when they want. */
 240:.\Generated_Source\PSoC4/cyfitter_cfg.c **** 	CyGlobalIntDisable;
 303              		.loc 1 240 0
 304              	@ 240 ".\Generated_Source\PSoC4\cyfitter_cfg.c" 1
 305 00da 72B6     		CPSID   i
 306              	@ 0 "" 2
 241:.\Generated_Source\PSoC4/cyfitter_cfg.c **** 
 242:.\Generated_Source\PSoC4/cyfitter_cfg.c **** 	CY_SET_XTND_REG32((void CYFAR *)(CYREG_BLE_BLESS_LL_DSM_CTRL), 0x00000000u);
 307              		.loc 1 242 0
 308              		.code	16
 309 00dc 324B     		ldr	r3, .L13
 310 00de 0022     		mov	r2, #0
 311 00e0 1A60     		str	r2, [r3]
 312              	.LBB2:
 243:.\Generated_Source\PSoC4/cyfitter_cfg.c **** 
 244:.\Generated_Source\PSoC4/cyfitter_cfg.c **** 	{
 245:.\Generated_Source\PSoC4/cyfitter_cfg.c **** 
 246:.\Generated_Source\PSoC4/cyfitter_cfg.c **** 		CYPACKED typedef struct {
 247:.\Generated_Source\PSoC4/cyfitter_cfg.c **** 			void CYFAR *address;
 248:.\Generated_Source\PSoC4/cyfitter_cfg.c **** 			uint16 size;
 249:.\Generated_Source\PSoC4/cyfitter_cfg.c **** 		} CYPACKED_ATTR cfg_memset_t;
 250:.\Generated_Source\PSoC4/cyfitter_cfg.c **** 
 251:.\Generated_Source\PSoC4/cyfitter_cfg.c **** 		static const cfg_memset_t CYCODE cfg_memset_list [] = {
 252:.\Generated_Source\PSoC4/cyfitter_cfg.c **** 			/* address, size */
 253:.\Generated_Source\PSoC4/cyfitter_cfg.c **** 			{(void CYFAR *)(CYDEV_UDB_P0_U0_BASE), 1024u},
 254:.\Generated_Source\PSoC4/cyfitter_cfg.c **** 			{(void CYFAR *)(CYDEV_UDB_DSI0_BASE), 1024u},
 255:.\Generated_Source\PSoC4/cyfitter_cfg.c **** 		};
 256:.\Generated_Source\PSoC4/cyfitter_cfg.c **** 
 257:.\Generated_Source\PSoC4/cyfitter_cfg.c **** 		uint8 CYDATA i;
 258:.\Generated_Source\PSoC4/cyfitter_cfg.c **** 
ARM GAS  C:\Users\Rohit\AppData\Local\Temp\ccXd7hCh.s 			page 11


 259:.\Generated_Source\PSoC4/cyfitter_cfg.c **** 		/* Zero out critical memory blocks before beginning configuration */
 260:.\Generated_Source\PSoC4/cyfitter_cfg.c **** 		for (i = 0u; i < (sizeof(cfg_memset_list)/sizeof(cfg_memset_list[0])); i++)
 313              		.loc 1 260 0
 314 00e2 FB1D     		add	r3, r7, #7
 315 00e4 0022     		mov	r2, #0
 316 00e6 1A70     		strb	r2, [r3]
 317 00e8 23E0     		b	.L11
 318              	.L12:
 319              	.LBB3:
 261:.\Generated_Source\PSoC4/cyfitter_cfg.c **** 		{
 262:.\Generated_Source\PSoC4/cyfitter_cfg.c **** 			const cfg_memset_t CYCODE * CYDATA ms = &cfg_memset_list[i];
 320              		.loc 1 262 0 discriminator 3
 321 00ea FB1D     		add	r3, r7, #7
 322 00ec 1A78     		ldrb	r2, [r3]
 323 00ee 131C     		mov	r3, r2
 324 00f0 5B00     		lsl	r3, r3, #1
 325 00f2 9B18     		add	r3, r3, r2
 326 00f4 5B00     		lsl	r3, r3, #1
 327 00f6 2D4A     		ldr	r2, .L13+4
 328 00f8 9B18     		add	r3, r3, r2
 329 00fa 3B60     		str	r3, [r7]
 263:.\Generated_Source\PSoC4/cyfitter_cfg.c **** 			CYMEMZERO(ms->address, (size_t)(uint32)(ms->size));
 330              		.loc 1 263 0 discriminator 3
 331 00fc 3B68     		ldr	r3, [r7]
 332 00fe 1A78     		ldrb	r2, [r3]
 333 0100 5978     		ldrb	r1, [r3, #1]
 334 0102 0902     		lsl	r1, r1, #8
 335 0104 0A43     		orr	r2, r1
 336 0106 9978     		ldrb	r1, [r3, #2]
 337 0108 0904     		lsl	r1, r1, #16
 338 010a 0A43     		orr	r2, r1
 339 010c DB78     		ldrb	r3, [r3, #3]
 340 010e 1B06     		lsl	r3, r3, #24
 341 0110 1343     		orr	r3, r2
 342 0112 191C     		mov	r1, r3
 343 0114 3B68     		ldr	r3, [r7]
 344 0116 1A79     		ldrb	r2, [r3, #4]
 345 0118 5B79     		ldrb	r3, [r3, #5]
 346 011a 1B02     		lsl	r3, r3, #8
 347 011c 1343     		orr	r3, r2
 348 011e 9BB2     		uxth	r3, r3
 349 0120 081C     		mov	r0, r1
 350 0122 191C     		mov	r1, r3
 351 0124 FFF7FEFF 		bl	CYMEMZERO
 352              	.LBE3:
 260:.\Generated_Source\PSoC4/cyfitter_cfg.c **** 		{
 353              		.loc 1 260 0 discriminator 3
 354 0128 FB1D     		add	r3, r7, #7
 355 012a 1A78     		ldrb	r2, [r3]
 356 012c FB1D     		add	r3, r7, #7
 357 012e 0132     		add	r2, r2, #1
 358 0130 1A70     		strb	r2, [r3]
 359              	.L11:
 260:.\Generated_Source\PSoC4/cyfitter_cfg.c **** 		{
 360              		.loc 1 260 0 is_stmt 0 discriminator 1
 361 0132 FB1D     		add	r3, r7, #7
 362 0134 1B78     		ldrb	r3, [r3]
ARM GAS  C:\Users\Rohit\AppData\Local\Temp\ccXd7hCh.s 			page 12


 363 0136 012B     		cmp	r3, #1
 364 0138 D7D9     		bls	.L12
 264:.\Generated_Source\PSoC4/cyfitter_cfg.c **** 		}
 265:.\Generated_Source\PSoC4/cyfitter_cfg.c **** 
 266:.\Generated_Source\PSoC4/cyfitter_cfg.c **** 		/* HSIOM Starting address: CYDEV_HSIOM_BASE */
 267:.\Generated_Source\PSoC4/cyfitter_cfg.c **** 		CY_SET_XTND_REG32((void CYFAR *)(CYDEV_HSIOM_BASE), 0xEE000000u);
 365              		.loc 1 267 0 is_stmt 1
 366 013a 1D4B     		ldr	r3, .L13+8
 367 013c EE22     		mov	r2, #238
 368 013e 1206     		lsl	r2, r2, #24
 369 0140 1A60     		str	r2, [r3]
 268:.\Generated_Source\PSoC4/cyfitter_cfg.c **** 
 269:.\Generated_Source\PSoC4/cyfitter_cfg.c **** 		/* UDB_PA_0 Starting address: CYDEV_UDB_PA0_BASE */
 270:.\Generated_Source\PSoC4/cyfitter_cfg.c **** 		CY_SET_XTND_REG32((void CYFAR *)(CYDEV_UDB_PA0_BASE), 0x00990000u);
 370              		.loc 1 270 0
 371 0142 1C4B     		ldr	r3, .L13+12
 372 0144 9922     		mov	r2, #153
 373 0146 1204     		lsl	r2, r2, #16
 374 0148 1A60     		str	r2, [r3]
 271:.\Generated_Source\PSoC4/cyfitter_cfg.c **** 
 272:.\Generated_Source\PSoC4/cyfitter_cfg.c **** 		/* UDB_PA_3 Starting address: CYDEV_UDB_PA3_BASE */
 273:.\Generated_Source\PSoC4/cyfitter_cfg.c **** 		CY_SET_XTND_REG32((void CYFAR *)(CYDEV_UDB_PA3_BASE), 0x00990000u);
 375              		.loc 1 273 0
 376 014a 1B4B     		ldr	r3, .L13+16
 377 014c 9922     		mov	r2, #153
 378 014e 1204     		lsl	r2, r2, #16
 379 0150 1A60     		str	r2, [r3]
 274:.\Generated_Source\PSoC4/cyfitter_cfg.c **** 
 275:.\Generated_Source\PSoC4/cyfitter_cfg.c **** 		/* Enable digital routing */
 276:.\Generated_Source\PSoC4/cyfitter_cfg.c **** 		CY_SET_XTND_REG8((void *)CYREG_UDB_UDBIF_BANK_CTL, CY_GET_XTND_REG8((void *)CYREG_UDB_UDBIF_BANK_
 380              		.loc 1 276 0
 381 0152 1A4A     		ldr	r2, .L13+20
 382 0154 194B     		ldr	r3, .L13+20
 383 0156 1B78     		ldrb	r3, [r3]
 384 0158 DBB2     		uxtb	r3, r3
 385 015a 0221     		mov	r1, #2
 386 015c 0B43     		orr	r3, r1
 387 015e DBB2     		uxtb	r3, r3
 388 0160 1370     		strb	r3, [r2]
 277:.\Generated_Source\PSoC4/cyfitter_cfg.c **** 
 278:.\Generated_Source\PSoC4/cyfitter_cfg.c **** 		/* Enable UDB array */
 279:.\Generated_Source\PSoC4/cyfitter_cfg.c **** 		CY_SET_XTND_REG8((void *)CYREG_UDB_UDBIF_WAIT_CFG, (uint8)((CY_GET_XTND_REG8((void *)CYREG_UDB_UD
 389              		.loc 1 279 0
 390 0162 174A     		ldr	r2, .L13+24
 391 0164 164B     		ldr	r3, .L13+24
 392 0166 1B78     		ldrb	r3, [r3]
 393 0168 DBB2     		uxtb	r3, r3
 394 016a 3C21     		mov	r1, #60
 395 016c 8B43     		bic	r3, r1
 396 016e DBB2     		uxtb	r3, r3
 397 0170 1421     		mov	r1, #20
 398 0172 0B43     		orr	r3, r1
 399 0174 DBB2     		uxtb	r3, r3
 400 0176 1370     		strb	r3, [r2]
 280:.\Generated_Source\PSoC4/cyfitter_cfg.c **** 		CY_SET_XTND_REG8((void *)CYREG_UDB_UDBIF_BANK_CTL, (uint8)(CY_GET_XTND_REG8((void *)CYREG_UDB_UDB
 401              		.loc 1 280 0
 402 0178 104A     		ldr	r2, .L13+20
ARM GAS  C:\Users\Rohit\AppData\Local\Temp\ccXd7hCh.s 			page 13


 403 017a 104B     		ldr	r3, .L13+20
 404 017c 1B78     		ldrb	r3, [r3]
 405 017e DBB2     		uxtb	r3, r3
 406 0180 1621     		mov	r1, #22
 407 0182 0B43     		orr	r3, r1
 408 0184 DBB2     		uxtb	r3, r3
 409 0186 1370     		strb	r3, [r2]
 410              	.LBE2:
 281:.\Generated_Source\PSoC4/cyfitter_cfg.c **** 	}
 282:.\Generated_Source\PSoC4/cyfitter_cfg.c **** 
 283:.\Generated_Source\PSoC4/cyfitter_cfg.c **** 	/* Perform second pass device configuration. These items must be configured in specific order afte
 284:.\Generated_Source\PSoC4/cyfitter_cfg.c **** 	/* IOPINS0_0 Starting address: CYDEV_GPIO_PRT0_BASE */
 285:.\Generated_Source\PSoC4/cyfitter_cfg.c **** 	CY_SET_XTND_REG32((void CYFAR *)(CYREG_GPIO_PRT0_PC), 0x00D80000u);
 411              		.loc 1 285 0
 412 0188 0E4B     		ldr	r3, .L13+28
 413 018a D822     		mov	r2, #216
 414 018c 1204     		lsl	r2, r2, #16
 415 018e 1A60     		str	r2, [r3]
 286:.\Generated_Source\PSoC4/cyfitter_cfg.c **** 
 287:.\Generated_Source\PSoC4/cyfitter_cfg.c **** 	/* IOPINS0_3 Starting address: CYDEV_GPIO_PRT3_BASE */
 288:.\Generated_Source\PSoC4/cyfitter_cfg.c **** 	CY_SET_XTND_REG32((void CYFAR *)(CYREG_GPIO_PRT3_PC), 0x00C00000u);
 416              		.loc 1 288 0
 417 0190 0D4B     		ldr	r3, .L13+32
 418 0192 C022     		mov	r2, #192
 419 0194 1204     		lsl	r2, r2, #16
 420 0196 1A60     		str	r2, [r3]
 289:.\Generated_Source\PSoC4/cyfitter_cfg.c **** 
 290:.\Generated_Source\PSoC4/cyfitter_cfg.c **** 
 291:.\Generated_Source\PSoC4/cyfitter_cfg.c **** 	/* Setup clocks based on selections from Clock DWR */
 292:.\Generated_Source\PSoC4/cyfitter_cfg.c **** 	ClockSetup();
 421              		.loc 1 292 0
 422 0198 FFF732FF 		bl	ClockSetup
 293:.\Generated_Source\PSoC4/cyfitter_cfg.c **** 
 294:.\Generated_Source\PSoC4/cyfitter_cfg.c **** 	/* Perform basic analog initialization to defaults */
 295:.\Generated_Source\PSoC4/cyfitter_cfg.c **** 	AnalogSetDefault();
 423              		.loc 1 295 0
 424 019c FFF7FEFF 		bl	AnalogSetDefault
 296:.\Generated_Source\PSoC4/cyfitter_cfg.c **** 
 297:.\Generated_Source\PSoC4/cyfitter_cfg.c **** }
 425              		.loc 1 297 0
 426 01a0 BD46     		mov	sp, r7
 427 01a2 02B0     		add	sp, sp, #8
 428              		@ sp needed
 429 01a4 80BD     		pop	{r7, pc}
 430              	.L14:
 431 01a6 C046     		.align	2
 432              	.L13:
 433 01a8 6CF02E40 		.word	1076818028
 434 01ac 00000000 		.word	cfg_memset_list.4758
 435 01b0 00000240 		.word	1073872896
 436 01b4 00500F40 		.word	1074745344
 437 01b8 30500F40 		.word	1074745392
 438 01bc 00700F40 		.word	1074753536
 439 01c0 01700F40 		.word	1074753537
 440 01c4 08000440 		.word	1074003976
 441 01c8 08030440 		.word	1074004744
 442              		.cfi_endproc
ARM GAS  C:\Users\Rohit\AppData\Local\Temp\ccXd7hCh.s 			page 14


 443              	.LFE7:
 444              		.size	cyfitter_cfg, .-cyfitter_cfg
 445              		.section	.rodata
 446              		.align	2
 447              		.type	cfg_memset_list.4758, %object
 448              		.size	cfg_memset_list.4758, 12
 449              	cfg_memset_list.4758:
 450 0000 00300F40 		.word	1074737152
 451 0004 0004     		.short	1024
 452 0006 00400F40 		.4byte	1074741248
 453 000a 0004     		.short	1024
 454              		.text
 455              	.Letext0:
 456              		.file 2 "c:\\program files (x86)\\cypress\\psoc creator\\3.3\\psoc creator\\import\\gnu\\arm\\4.9.
 457              		.file 3 ".\\Generated_Source\\PSoC4\\cytypes.h"
 458              		.section	.debug_info,"",%progbits
 459              	.Ldebug_info0:
 460 0000 48020000 		.4byte	0x248
 461 0004 0400     		.2byte	0x4
 462 0006 00000000 		.4byte	.Ldebug_abbrev0
 463 000a 04       		.byte	0x4
 464 000b 01       		.uleb128 0x1
 465 000c A5000000 		.4byte	.LASF29
 466 0010 01       		.byte	0x1
 467 0011 7A010000 		.4byte	.LASF30
 468 0015 B9010000 		.4byte	.LASF31
 469 0019 00000000 		.4byte	.Ldebug_ranges0+0
 470 001d 00000000 		.4byte	0
 471 0021 00000000 		.4byte	.Ldebug_line0
 472 0025 02       		.uleb128 0x2
 473 0026 04       		.byte	0x4
 474 0027 05       		.byte	0x5
 475 0028 696E7400 		.ascii	"int\000"
 476 002c 03       		.uleb128 0x3
 477 002d 06000000 		.4byte	.LASF11
 478 0031 02       		.byte	0x2
 479 0032 D4       		.byte	0xd4
 480 0033 37000000 		.4byte	0x37
 481 0037 04       		.uleb128 0x4
 482 0038 04       		.byte	0x4
 483 0039 07       		.byte	0x7
 484 003a 41010000 		.4byte	.LASF0
 485 003e 04       		.uleb128 0x4
 486 003f 01       		.byte	0x1
 487 0040 06       		.byte	0x6
 488 0041 2C020000 		.4byte	.LASF1
 489 0045 04       		.uleb128 0x4
 490 0046 01       		.byte	0x1
 491 0047 08       		.byte	0x8
 492 0048 83000000 		.4byte	.LASF2
 493 004c 04       		.uleb128 0x4
 494 004d 02       		.byte	0x2
 495 004e 05       		.byte	0x5
 496 004f 19020000 		.4byte	.LASF3
 497 0053 04       		.uleb128 0x4
 498 0054 02       		.byte	0x2
 499 0055 07       		.byte	0x7
ARM GAS  C:\Users\Rohit\AppData\Local\Temp\ccXd7hCh.s 			page 15


 500 0056 39000000 		.4byte	.LASF4
 501 005a 04       		.uleb128 0x4
 502 005b 04       		.byte	0x4
 503 005c 05       		.byte	0x5
 504 005d 23020000 		.4byte	.LASF5
 505 0061 04       		.uleb128 0x4
 506 0062 04       		.byte	0x4
 507 0063 07       		.byte	0x7
 508 0064 61000000 		.4byte	.LASF6
 509 0068 04       		.uleb128 0x4
 510 0069 08       		.byte	0x8
 511 006a 05       		.byte	0x5
 512 006b AB010000 		.4byte	.LASF7
 513 006f 04       		.uleb128 0x4
 514 0070 08       		.byte	0x8
 515 0071 07       		.byte	0x7
 516 0072 56010000 		.4byte	.LASF8
 517 0076 04       		.uleb128 0x4
 518 0077 04       		.byte	0x4
 519 0078 07       		.byte	0x7
 520 0079 A2010000 		.4byte	.LASF9
 521 007d 05       		.uleb128 0x5
 522 007e 04       		.byte	0x4
 523 007f 04       		.uleb128 0x4
 524 0080 01       		.byte	0x1
 525 0081 08       		.byte	0x8
 526 0082 14020000 		.4byte	.LASF10
 527 0086 06       		.uleb128 0x6
 528 0087 73000000 		.4byte	.LASF12
 529 008b 03       		.byte	0x3
 530 008c 9801     		.2byte	0x198
 531 008e 45000000 		.4byte	0x45
 532 0092 06       		.uleb128 0x6
 533 0093 33010000 		.4byte	.LASF13
 534 0097 03       		.byte	0x3
 535 0098 9901     		.2byte	0x199
 536 009a 53000000 		.4byte	0x53
 537 009e 06       		.uleb128 0x6
 538 009f 3A010000 		.4byte	.LASF14
 539 00a3 03       		.byte	0x3
 540 00a4 9A01     		.2byte	0x19a
 541 00a6 61000000 		.4byte	0x61
 542 00aa 04       		.uleb128 0x4
 543 00ab 04       		.byte	0x4
 544 00ac 04       		.byte	0x4
 545 00ad 4C000000 		.4byte	.LASF15
 546 00b1 04       		.uleb128 0x4
 547 00b2 08       		.byte	0x8
 548 00b3 04       		.byte	0x4
 549 00b4 91000000 		.4byte	.LASF16
 550 00b8 06       		.uleb128 0x6
 551 00b9 5C000000 		.4byte	.LASF17
 552 00bd 03       		.byte	0x3
 553 00be 4202     		.2byte	0x242
 554 00c0 C4000000 		.4byte	0xc4
 555 00c4 07       		.uleb128 0x7
 556 00c5 86000000 		.4byte	0x86
ARM GAS  C:\Users\Rohit\AppData\Local\Temp\ccXd7hCh.s 			page 16


 557 00c9 06       		.uleb128 0x6
 558 00ca 00000000 		.4byte	.LASF18
 559 00ce 03       		.byte	0x3
 560 00cf 4402     		.2byte	0x244
 561 00d1 D5000000 		.4byte	0xd5
 562 00d5 07       		.uleb128 0x7
 563 00d6 9E000000 		.4byte	0x9e
 564 00da 08       		.uleb128 0x8
 565 00db 79000000 		.4byte	.LASF19
 566 00df 01       		.byte	0x1
 567 00e0 3C       		.byte	0x3c
 568 00e1 00000000 		.4byte	.LFB2
 569 00e5 1E000000 		.4byte	.LFE2-.LFB2
 570 00e9 01       		.uleb128 0x1
 571 00ea 9C       		.byte	0x9c
 572 00eb 08010000 		.4byte	0x108
 573 00ef 09       		.uleb128 0x9
 574 00f0 7300     		.ascii	"s\000"
 575 00f2 01       		.byte	0x1
 576 00f3 3C       		.byte	0x3c
 577 00f4 7D000000 		.4byte	0x7d
 578 00f8 02       		.uleb128 0x2
 579 00f9 91       		.byte	0x91
 580 00fa 74       		.sleb128 -12
 581 00fb 09       		.uleb128 0x9
 582 00fc 6E00     		.ascii	"n\000"
 583 00fe 01       		.byte	0x1
 584 00ff 3C       		.byte	0x3c
 585 0100 2C000000 		.4byte	0x2c
 586 0104 02       		.uleb128 0x2
 587 0105 91       		.byte	0x91
 588 0106 70       		.sleb128 -16
 589 0107 00       		.byte	0
 590 0108 08       		.uleb128 0x8
 591 0109 48020000 		.4byte	.LASF20
 592 010d 01       		.byte	0x1
 593 010e 43       		.byte	0x43
 594 010f 00000000 		.4byte	.LFB3
 595 0113 22000000 		.4byte	.LFE3-.LFB3
 596 0117 01       		.uleb128 0x1
 597 0118 9C       		.byte	0x9c
 598 0119 46010000 		.4byte	0x146
 599 011d 0A       		.uleb128 0xa
 600 011e 52000000 		.4byte	.LASF21
 601 0122 01       		.byte	0x1
 602 0123 43       		.byte	0x43
 603 0124 7D000000 		.4byte	0x7d
 604 0128 02       		.uleb128 0x2
 605 0129 91       		.byte	0x91
 606 012a 74       		.sleb128 -12
 607 012b 09       		.uleb128 0x9
 608 012c 73726300 		.ascii	"src\000"
 609 0130 01       		.byte	0x1
 610 0131 43       		.byte	0x43
 611 0132 46010000 		.4byte	0x146
 612 0136 02       		.uleb128 0x2
 613 0137 91       		.byte	0x91
ARM GAS  C:\Users\Rohit\AppData\Local\Temp\ccXd7hCh.s 			page 17


 614 0138 70       		.sleb128 -16
 615 0139 09       		.uleb128 0x9
 616 013a 6E00     		.ascii	"n\000"
 617 013c 01       		.byte	0x1
 618 013d 43       		.byte	0x43
 619 013e 2C000000 		.4byte	0x2c
 620 0142 02       		.uleb128 0x2
 621 0143 91       		.byte	0x91
 622 0144 6C       		.sleb128 -20
 623 0145 00       		.byte	0
 624 0146 0B       		.uleb128 0xb
 625 0147 04       		.byte	0x4
 626 0148 4C010000 		.4byte	0x14c
 627 014c 0C       		.uleb128 0xc
 628 014d 08       		.uleb128 0x8
 629 014e 38020000 		.4byte	.LASF22
 630 0152 01       		.byte	0x1
 631 0153 4A       		.byte	0x4a
 632 0154 00000000 		.4byte	.LFB4
 633 0158 22000000 		.4byte	.LFE4-.LFB4
 634 015c 01       		.uleb128 0x1
 635 015d 9C       		.byte	0x9c
 636 015e 8B010000 		.4byte	0x18b
 637 0162 0A       		.uleb128 0xa
 638 0163 52000000 		.4byte	.LASF21
 639 0167 01       		.byte	0x1
 640 0168 4A       		.byte	0x4a
 641 0169 7D000000 		.4byte	0x7d
 642 016d 02       		.uleb128 0x2
 643 016e 91       		.byte	0x91
 644 016f 74       		.sleb128 -12
 645 0170 09       		.uleb128 0x9
 646 0171 73726300 		.ascii	"src\000"
 647 0175 01       		.byte	0x1
 648 0176 4A       		.byte	0x4a
 649 0177 46010000 		.4byte	0x146
 650 017b 02       		.uleb128 0x2
 651 017c 91       		.byte	0x91
 652 017d 70       		.sleb128 -16
 653 017e 09       		.uleb128 0x9
 654 017f 6E00     		.ascii	"n\000"
 655 0181 01       		.byte	0x1
 656 0182 4A       		.byte	0x4a
 657 0183 2C000000 		.4byte	0x2c
 658 0187 02       		.uleb128 0x2
 659 0188 91       		.byte	0x91
 660 0189 6C       		.sleb128 -20
 661 018a 00       		.byte	0
 662 018b 0D       		.uleb128 0xd
 663 018c 2E000000 		.4byte	.LASF23
 664 0190 01       		.byte	0x1
 665 0191 91       		.byte	0x91
 666 0192 00000000 		.4byte	.LFB5
 667 0196 D4000000 		.4byte	.LFE5-.LFB5
 668 019a 01       		.uleb128 0x1
 669 019b 9C       		.byte	0x9c
 670 019c 0E       		.uleb128 0xe
ARM GAS  C:\Users\Rohit\AppData\Local\Temp\ccXd7hCh.s 			page 18


 671 019d 0D000000 		.4byte	.LASF24
 672 01a1 01       		.byte	0x1
 673 01a2 D2       		.byte	0xd2
 674 01a3 00000000 		.4byte	.LFB6
 675 01a7 28000000 		.4byte	.LFE6-.LFB6
 676 01ab 01       		.uleb128 0x1
 677 01ac 9C       		.byte	0x9c
 678 01ad 0F       		.uleb128 0xf
 679 01ae 98000000 		.4byte	.LASF32
 680 01b2 01       		.byte	0x1
 681 01b3 ED       		.byte	0xed
 682 01b4 D4000000 		.4byte	.LFB7
 683 01b8 F8000000 		.4byte	.LFE7-.LFB7
 684 01bc 01       		.uleb128 0x1
 685 01bd 9C       		.byte	0x9c
 686 01be 10       		.uleb128 0x10
 687 01bf E2000000 		.4byte	.LBB2
 688 01c3 A6000000 		.4byte	.LBE2-.LBB2
 689 01c7 11       		.uleb128 0x11
 690 01c8 06       		.byte	0x6
 691 01c9 01       		.byte	0x1
 692 01ca F6       		.byte	0xf6
 693 01cb E8010000 		.4byte	0x1e8
 694 01cf 12       		.uleb128 0x12
 695 01d0 4E010000 		.4byte	.LASF25
 696 01d4 01       		.byte	0x1
 697 01d5 F7       		.byte	0xf7
 698 01d6 7D000000 		.4byte	0x7d
 699 01da 00       		.byte	0
 700 01db 12       		.uleb128 0x12
 701 01dc 57000000 		.4byte	.LASF26
 702 01e0 01       		.byte	0x1
 703 01e1 F8       		.byte	0xf8
 704 01e2 92000000 		.4byte	0x92
 705 01e6 04       		.byte	0x4
 706 01e7 00       		.byte	0
 707 01e8 03       		.uleb128 0x3
 708 01e9 6D010000 		.4byte	.LASF27
 709 01ed 01       		.byte	0x1
 710 01ee F9       		.byte	0xf9
 711 01ef C7010000 		.4byte	0x1c7
 712 01f3 13       		.uleb128 0x13
 713 01f4 E8010000 		.4byte	0x1e8
 714 01f8 03020000 		.4byte	0x203
 715 01fc 14       		.uleb128 0x14
 716 01fd 76000000 		.4byte	0x76
 717 0201 01       		.byte	0x1
 718 0202 00       		.byte	0
 719 0203 15       		.uleb128 0x15
 720 0204 1E000000 		.4byte	.LASF28
 721 0208 01       		.byte	0x1
 722 0209 FB       		.byte	0xfb
 723 020a 14020000 		.4byte	0x214
 724 020e 05       		.uleb128 0x5
 725 020f 03       		.byte	0x3
 726 0210 00000000 		.4byte	cfg_memset_list.4758
 727 0214 16       		.uleb128 0x16
ARM GAS  C:\Users\Rohit\AppData\Local\Temp\ccXd7hCh.s 			page 19


 728 0215 F3010000 		.4byte	0x1f3
 729 0219 17       		.uleb128 0x17
 730 021a 6900     		.ascii	"i\000"
 731 021c 01       		.byte	0x1
 732 021d 0101     		.2byte	0x101
 733 021f 86000000 		.4byte	0x86
 734 0223 02       		.uleb128 0x2
 735 0224 91       		.byte	0x91
 736 0225 77       		.sleb128 -9
 737 0226 10       		.uleb128 0x10
 738 0227 EA000000 		.4byte	.LBB3
 739 022b 3E000000 		.4byte	.LBE3-.LBB3
 740 022f 17       		.uleb128 0x17
 741 0230 6D7300   		.ascii	"ms\000"
 742 0233 01       		.byte	0x1
 743 0234 0601     		.2byte	0x106
 744 0236 3D020000 		.4byte	0x23d
 745 023a 02       		.uleb128 0x2
 746 023b 91       		.byte	0x91
 747 023c 70       		.sleb128 -16
 748 023d 0B       		.uleb128 0xb
 749 023e 04       		.byte	0x4
 750 023f 43020000 		.4byte	0x243
 751 0243 16       		.uleb128 0x16
 752 0244 E8010000 		.4byte	0x1e8
 753 0248 00       		.byte	0
 754 0249 00       		.byte	0
 755 024a 00       		.byte	0
 756 024b 00       		.byte	0
 757              		.section	.debug_abbrev,"",%progbits
 758              	.Ldebug_abbrev0:
 759 0000 01       		.uleb128 0x1
 760 0001 11       		.uleb128 0x11
 761 0002 01       		.byte	0x1
 762 0003 25       		.uleb128 0x25
 763 0004 0E       		.uleb128 0xe
 764 0005 13       		.uleb128 0x13
 765 0006 0B       		.uleb128 0xb
 766 0007 03       		.uleb128 0x3
 767 0008 0E       		.uleb128 0xe
 768 0009 1B       		.uleb128 0x1b
 769 000a 0E       		.uleb128 0xe
 770 000b 55       		.uleb128 0x55
 771 000c 17       		.uleb128 0x17
 772 000d 11       		.uleb128 0x11
 773 000e 01       		.uleb128 0x1
 774 000f 10       		.uleb128 0x10
 775 0010 17       		.uleb128 0x17
 776 0011 00       		.byte	0
 777 0012 00       		.byte	0
 778 0013 02       		.uleb128 0x2
 779 0014 24       		.uleb128 0x24
 780 0015 00       		.byte	0
 781 0016 0B       		.uleb128 0xb
 782 0017 0B       		.uleb128 0xb
 783 0018 3E       		.uleb128 0x3e
 784 0019 0B       		.uleb128 0xb
ARM GAS  C:\Users\Rohit\AppData\Local\Temp\ccXd7hCh.s 			page 20


 785 001a 03       		.uleb128 0x3
 786 001b 08       		.uleb128 0x8
 787 001c 00       		.byte	0
 788 001d 00       		.byte	0
 789 001e 03       		.uleb128 0x3
 790 001f 16       		.uleb128 0x16
 791 0020 00       		.byte	0
 792 0021 03       		.uleb128 0x3
 793 0022 0E       		.uleb128 0xe
 794 0023 3A       		.uleb128 0x3a
 795 0024 0B       		.uleb128 0xb
 796 0025 3B       		.uleb128 0x3b
 797 0026 0B       		.uleb128 0xb
 798 0027 49       		.uleb128 0x49
 799 0028 13       		.uleb128 0x13
 800 0029 00       		.byte	0
 801 002a 00       		.byte	0
 802 002b 04       		.uleb128 0x4
 803 002c 24       		.uleb128 0x24
 804 002d 00       		.byte	0
 805 002e 0B       		.uleb128 0xb
 806 002f 0B       		.uleb128 0xb
 807 0030 3E       		.uleb128 0x3e
 808 0031 0B       		.uleb128 0xb
 809 0032 03       		.uleb128 0x3
 810 0033 0E       		.uleb128 0xe
 811 0034 00       		.byte	0
 812 0035 00       		.byte	0
 813 0036 05       		.uleb128 0x5
 814 0037 0F       		.uleb128 0xf
 815 0038 00       		.byte	0
 816 0039 0B       		.uleb128 0xb
 817 003a 0B       		.uleb128 0xb
 818 003b 00       		.byte	0
 819 003c 00       		.byte	0
 820 003d 06       		.uleb128 0x6
 821 003e 16       		.uleb128 0x16
 822 003f 00       		.byte	0
 823 0040 03       		.uleb128 0x3
 824 0041 0E       		.uleb128 0xe
 825 0042 3A       		.uleb128 0x3a
 826 0043 0B       		.uleb128 0xb
 827 0044 3B       		.uleb128 0x3b
 828 0045 05       		.uleb128 0x5
 829 0046 49       		.uleb128 0x49
 830 0047 13       		.uleb128 0x13
 831 0048 00       		.byte	0
 832 0049 00       		.byte	0
 833 004a 07       		.uleb128 0x7
 834 004b 35       		.uleb128 0x35
 835 004c 00       		.byte	0
 836 004d 49       		.uleb128 0x49
 837 004e 13       		.uleb128 0x13
 838 004f 00       		.byte	0
 839 0050 00       		.byte	0
 840 0051 08       		.uleb128 0x8
 841 0052 2E       		.uleb128 0x2e
ARM GAS  C:\Users\Rohit\AppData\Local\Temp\ccXd7hCh.s 			page 21


 842 0053 01       		.byte	0x1
 843 0054 03       		.uleb128 0x3
 844 0055 0E       		.uleb128 0xe
 845 0056 3A       		.uleb128 0x3a
 846 0057 0B       		.uleb128 0xb
 847 0058 3B       		.uleb128 0x3b
 848 0059 0B       		.uleb128 0xb
 849 005a 27       		.uleb128 0x27
 850 005b 19       		.uleb128 0x19
 851 005c 11       		.uleb128 0x11
 852 005d 01       		.uleb128 0x1
 853 005e 12       		.uleb128 0x12
 854 005f 06       		.uleb128 0x6
 855 0060 40       		.uleb128 0x40
 856 0061 18       		.uleb128 0x18
 857 0062 9642     		.uleb128 0x2116
 858 0064 19       		.uleb128 0x19
 859 0065 01       		.uleb128 0x1
 860 0066 13       		.uleb128 0x13
 861 0067 00       		.byte	0
 862 0068 00       		.byte	0
 863 0069 09       		.uleb128 0x9
 864 006a 05       		.uleb128 0x5
 865 006b 00       		.byte	0
 866 006c 03       		.uleb128 0x3
 867 006d 08       		.uleb128 0x8
 868 006e 3A       		.uleb128 0x3a
 869 006f 0B       		.uleb128 0xb
 870 0070 3B       		.uleb128 0x3b
 871 0071 0B       		.uleb128 0xb
 872 0072 49       		.uleb128 0x49
 873 0073 13       		.uleb128 0x13
 874 0074 02       		.uleb128 0x2
 875 0075 18       		.uleb128 0x18
 876 0076 00       		.byte	0
 877 0077 00       		.byte	0
 878 0078 0A       		.uleb128 0xa
 879 0079 05       		.uleb128 0x5
 880 007a 00       		.byte	0
 881 007b 03       		.uleb128 0x3
 882 007c 0E       		.uleb128 0xe
 883 007d 3A       		.uleb128 0x3a
 884 007e 0B       		.uleb128 0xb
 885 007f 3B       		.uleb128 0x3b
 886 0080 0B       		.uleb128 0xb
 887 0081 49       		.uleb128 0x49
 888 0082 13       		.uleb128 0x13
 889 0083 02       		.uleb128 0x2
 890 0084 18       		.uleb128 0x18
 891 0085 00       		.byte	0
 892 0086 00       		.byte	0
 893 0087 0B       		.uleb128 0xb
 894 0088 0F       		.uleb128 0xf
 895 0089 00       		.byte	0
 896 008a 0B       		.uleb128 0xb
 897 008b 0B       		.uleb128 0xb
 898 008c 49       		.uleb128 0x49
ARM GAS  C:\Users\Rohit\AppData\Local\Temp\ccXd7hCh.s 			page 22


 899 008d 13       		.uleb128 0x13
 900 008e 00       		.byte	0
 901 008f 00       		.byte	0
 902 0090 0C       		.uleb128 0xc
 903 0091 26       		.uleb128 0x26
 904 0092 00       		.byte	0
 905 0093 00       		.byte	0
 906 0094 00       		.byte	0
 907 0095 0D       		.uleb128 0xd
 908 0096 2E       		.uleb128 0x2e
 909 0097 00       		.byte	0
 910 0098 03       		.uleb128 0x3
 911 0099 0E       		.uleb128 0xe
 912 009a 3A       		.uleb128 0x3a
 913 009b 0B       		.uleb128 0xb
 914 009c 3B       		.uleb128 0x3b
 915 009d 0B       		.uleb128 0xb
 916 009e 27       		.uleb128 0x27
 917 009f 19       		.uleb128 0x19
 918 00a0 11       		.uleb128 0x11
 919 00a1 01       		.uleb128 0x1
 920 00a2 12       		.uleb128 0x12
 921 00a3 06       		.uleb128 0x6
 922 00a4 40       		.uleb128 0x40
 923 00a5 18       		.uleb128 0x18
 924 00a6 9642     		.uleb128 0x2116
 925 00a8 19       		.uleb128 0x19
 926 00a9 00       		.byte	0
 927 00aa 00       		.byte	0
 928 00ab 0E       		.uleb128 0xe
 929 00ac 2E       		.uleb128 0x2e
 930 00ad 00       		.byte	0
 931 00ae 03       		.uleb128 0x3
 932 00af 0E       		.uleb128 0xe
 933 00b0 3A       		.uleb128 0x3a
 934 00b1 0B       		.uleb128 0xb
 935 00b2 3B       		.uleb128 0x3b
 936 00b3 0B       		.uleb128 0xb
 937 00b4 27       		.uleb128 0x27
 938 00b5 19       		.uleb128 0x19
 939 00b6 11       		.uleb128 0x11
 940 00b7 01       		.uleb128 0x1
 941 00b8 12       		.uleb128 0x12
 942 00b9 06       		.uleb128 0x6
 943 00ba 40       		.uleb128 0x40
 944 00bb 18       		.uleb128 0x18
 945 00bc 9742     		.uleb128 0x2117
 946 00be 19       		.uleb128 0x19
 947 00bf 00       		.byte	0
 948 00c0 00       		.byte	0
 949 00c1 0F       		.uleb128 0xf
 950 00c2 2E       		.uleb128 0x2e
 951 00c3 01       		.byte	0x1
 952 00c4 3F       		.uleb128 0x3f
 953 00c5 19       		.uleb128 0x19
 954 00c6 03       		.uleb128 0x3
 955 00c7 0E       		.uleb128 0xe
ARM GAS  C:\Users\Rohit\AppData\Local\Temp\ccXd7hCh.s 			page 23


 956 00c8 3A       		.uleb128 0x3a
 957 00c9 0B       		.uleb128 0xb
 958 00ca 3B       		.uleb128 0x3b
 959 00cb 0B       		.uleb128 0xb
 960 00cc 27       		.uleb128 0x27
 961 00cd 19       		.uleb128 0x19
 962 00ce 11       		.uleb128 0x11
 963 00cf 01       		.uleb128 0x1
 964 00d0 12       		.uleb128 0x12
 965 00d1 06       		.uleb128 0x6
 966 00d2 40       		.uleb128 0x40
 967 00d3 18       		.uleb128 0x18
 968 00d4 9642     		.uleb128 0x2116
 969 00d6 19       		.uleb128 0x19
 970 00d7 00       		.byte	0
 971 00d8 00       		.byte	0
 972 00d9 10       		.uleb128 0x10
 973 00da 0B       		.uleb128 0xb
 974 00db 01       		.byte	0x1
 975 00dc 11       		.uleb128 0x11
 976 00dd 01       		.uleb128 0x1
 977 00de 12       		.uleb128 0x12
 978 00df 06       		.uleb128 0x6
 979 00e0 00       		.byte	0
 980 00e1 00       		.byte	0
 981 00e2 11       		.uleb128 0x11
 982 00e3 13       		.uleb128 0x13
 983 00e4 01       		.byte	0x1
 984 00e5 0B       		.uleb128 0xb
 985 00e6 0B       		.uleb128 0xb
 986 00e7 3A       		.uleb128 0x3a
 987 00e8 0B       		.uleb128 0xb
 988 00e9 3B       		.uleb128 0x3b
 989 00ea 0B       		.uleb128 0xb
 990 00eb 01       		.uleb128 0x1
 991 00ec 13       		.uleb128 0x13
 992 00ed 00       		.byte	0
 993 00ee 00       		.byte	0
 994 00ef 12       		.uleb128 0x12
 995 00f0 0D       		.uleb128 0xd
 996 00f1 00       		.byte	0
 997 00f2 03       		.uleb128 0x3
 998 00f3 0E       		.uleb128 0xe
 999 00f4 3A       		.uleb128 0x3a
 1000 00f5 0B       		.uleb128 0xb
 1001 00f6 3B       		.uleb128 0x3b
 1002 00f7 0B       		.uleb128 0xb
 1003 00f8 49       		.uleb128 0x49
 1004 00f9 13       		.uleb128 0x13
 1005 00fa 38       		.uleb128 0x38
 1006 00fb 0B       		.uleb128 0xb
 1007 00fc 00       		.byte	0
 1008 00fd 00       		.byte	0
 1009 00fe 13       		.uleb128 0x13
 1010 00ff 01       		.uleb128 0x1
 1011 0100 01       		.byte	0x1
 1012 0101 49       		.uleb128 0x49
ARM GAS  C:\Users\Rohit\AppData\Local\Temp\ccXd7hCh.s 			page 24


 1013 0102 13       		.uleb128 0x13
 1014 0103 01       		.uleb128 0x1
 1015 0104 13       		.uleb128 0x13
 1016 0105 00       		.byte	0
 1017 0106 00       		.byte	0
 1018 0107 14       		.uleb128 0x14
 1019 0108 21       		.uleb128 0x21
 1020 0109 00       		.byte	0
 1021 010a 49       		.uleb128 0x49
 1022 010b 13       		.uleb128 0x13
 1023 010c 2F       		.uleb128 0x2f
 1024 010d 0B       		.uleb128 0xb
 1025 010e 00       		.byte	0
 1026 010f 00       		.byte	0
 1027 0110 15       		.uleb128 0x15
 1028 0111 34       		.uleb128 0x34
 1029 0112 00       		.byte	0
 1030 0113 03       		.uleb128 0x3
 1031 0114 0E       		.uleb128 0xe
 1032 0115 3A       		.uleb128 0x3a
 1033 0116 0B       		.uleb128 0xb
 1034 0117 3B       		.uleb128 0x3b
 1035 0118 0B       		.uleb128 0xb
 1036 0119 49       		.uleb128 0x49
 1037 011a 13       		.uleb128 0x13
 1038 011b 02       		.uleb128 0x2
 1039 011c 18       		.uleb128 0x18
 1040 011d 00       		.byte	0
 1041 011e 00       		.byte	0
 1042 011f 16       		.uleb128 0x16
 1043 0120 26       		.uleb128 0x26
 1044 0121 00       		.byte	0
 1045 0122 49       		.uleb128 0x49
 1046 0123 13       		.uleb128 0x13
 1047 0124 00       		.byte	0
 1048 0125 00       		.byte	0
 1049 0126 17       		.uleb128 0x17
 1050 0127 34       		.uleb128 0x34
 1051 0128 00       		.byte	0
 1052 0129 03       		.uleb128 0x3
 1053 012a 08       		.uleb128 0x8
 1054 012b 3A       		.uleb128 0x3a
 1055 012c 0B       		.uleb128 0xb
 1056 012d 3B       		.uleb128 0x3b
 1057 012e 05       		.uleb128 0x5
 1058 012f 49       		.uleb128 0x49
 1059 0130 13       		.uleb128 0x13
 1060 0131 02       		.uleb128 0x2
 1061 0132 18       		.uleb128 0x18
 1062 0133 00       		.byte	0
 1063 0134 00       		.byte	0
 1064 0135 00       		.byte	0
 1065              		.section	.debug_aranges,"",%progbits
 1066 0000 44000000 		.4byte	0x44
 1067 0004 0200     		.2byte	0x2
 1068 0006 00000000 		.4byte	.Ldebug_info0
 1069 000a 04       		.byte	0x4
ARM GAS  C:\Users\Rohit\AppData\Local\Temp\ccXd7hCh.s 			page 25


 1070 000b 00       		.byte	0
 1071 000c 0000     		.2byte	0
 1072 000e 0000     		.2byte	0
 1073 0010 00000000 		.4byte	.LFB2
 1074 0014 1E000000 		.4byte	.LFE2-.LFB2
 1075 0018 00000000 		.4byte	.LFB3
 1076 001c 22000000 		.4byte	.LFE3-.LFB3
 1077 0020 00000000 		.4byte	.LFB4
 1078 0024 22000000 		.4byte	.LFE4-.LFB4
 1079 0028 00000000 		.4byte	.LFB5
 1080 002c D4000000 		.4byte	.LFE5-.LFB5
 1081 0030 00000000 		.4byte	.LFB6
 1082 0034 28000000 		.4byte	.LFE6-.LFB6
 1083 0038 D4000000 		.4byte	.LFB7
 1084 003c F8000000 		.4byte	.LFE7-.LFB7
 1085 0040 00000000 		.4byte	0
 1086 0044 00000000 		.4byte	0
 1087              		.section	.debug_ranges,"",%progbits
 1088              	.Ldebug_ranges0:
 1089 0000 00000000 		.4byte	.LFB2
 1090 0004 1E000000 		.4byte	.LFE2
 1091 0008 00000000 		.4byte	.LFB3
 1092 000c 22000000 		.4byte	.LFE3
 1093 0010 00000000 		.4byte	.LFB4
 1094 0014 22000000 		.4byte	.LFE4
 1095 0018 00000000 		.4byte	.LFB5
 1096 001c D4000000 		.4byte	.LFE5
 1097 0020 00000000 		.4byte	.LFB6
 1098 0024 28000000 		.4byte	.LFE6
 1099 0028 D4000000 		.4byte	.LFB7
 1100 002c CC010000 		.4byte	.LFE7
 1101 0030 00000000 		.4byte	0
 1102 0034 00000000 		.4byte	0
 1103              		.section	.debug_line,"",%progbits
 1104              	.Ldebug_line0:
 1105 0000 6B010000 		.section	.debug_str,"MS",%progbits,1
 1105      0200CD00 
 1105      00000201 
 1105      FB0E0D00 
 1105      01010101 
 1106              	.LASF18:
 1107 0000 72656733 		.ascii	"reg32\000"
 1107      3200
 1108              	.LASF11:
 1109 0006 73697A65 		.ascii	"size_t\000"
 1109      5F7400
 1110              	.LASF24:
 1111 000d 416E616C 		.ascii	"AnalogSetDefault\000"
 1111      6F675365 
 1111      74446566 
 1111      61756C74 
 1111      00
 1112              	.LASF28:
 1113 001e 6366675F 		.ascii	"cfg_memset_list\000"
 1113      6D656D73 
 1113      65745F6C 
 1113      69737400 
ARM GAS  C:\Users\Rohit\AppData\Local\Temp\ccXd7hCh.s 			page 26


 1114              	.LASF23:
 1115 002e 436C6F63 		.ascii	"ClockSetup\000"
 1115      6B536574 
 1115      757000
 1116              	.LASF4:
 1117 0039 73686F72 		.ascii	"short unsigned int\000"
 1117      7420756E 
 1117      7369676E 
 1117      65642069 
 1117      6E7400
 1118              	.LASF15:
 1119 004c 666C6F61 		.ascii	"float\000"
 1119      7400
 1120              	.LASF21:
 1121 0052 64657374 		.ascii	"dest\000"
 1121      00
 1122              	.LASF26:
 1123 0057 73697A65 		.ascii	"size\000"
 1123      00
 1124              	.LASF17:
 1125 005c 72656738 		.ascii	"reg8\000"
 1125      00
 1126              	.LASF6:
 1127 0061 6C6F6E67 		.ascii	"long unsigned int\000"
 1127      20756E73 
 1127      69676E65 
 1127      6420696E 
 1127      7400
 1128              	.LASF12:
 1129 0073 75696E74 		.ascii	"uint8\000"
 1129      3800
 1130              	.LASF19:
 1131 0079 43594D45 		.ascii	"CYMEMZERO\000"
 1131      4D5A4552 
 1131      4F00
 1132              	.LASF2:
 1133 0083 756E7369 		.ascii	"unsigned char\000"
 1133      676E6564 
 1133      20636861 
 1133      7200
 1134              	.LASF16:
 1135 0091 646F7562 		.ascii	"double\000"
 1135      6C6500
 1136              	.LASF32:
 1137 0098 63796669 		.ascii	"cyfitter_cfg\000"
 1137      74746572 
 1137      5F636667 
 1137      00
 1138              	.LASF29:
 1139 00a5 474E5520 		.ascii	"GNU C 4.9.3 20150303 (release) [ARM/embedded-4_9-br"
 1139      4320342E 
 1139      392E3320 
 1139      32303135 
 1139      30333033 
 1140 00d8 616E6368 		.ascii	"anch revision 221220] -mcpu=cortex-m0 -mthumb -g -O"
 1140      20726576 
 1140      6973696F 
ARM GAS  C:\Users\Rohit\AppData\Local\Temp\ccXd7hCh.s 			page 27


 1140      6E203232 
 1140      31323230 
 1141 010b 30202D66 		.ascii	"0 -ffunction-sections -ffat-lto-objects\000"
 1141      66756E63 
 1141      74696F6E 
 1141      2D736563 
 1141      74696F6E 
 1142              	.LASF13:
 1143 0133 75696E74 		.ascii	"uint16\000"
 1143      313600
 1144              	.LASF14:
 1145 013a 75696E74 		.ascii	"uint32\000"
 1145      333200
 1146              	.LASF0:
 1147 0141 756E7369 		.ascii	"unsigned int\000"
 1147      676E6564 
 1147      20696E74 
 1147      00
 1148              	.LASF25:
 1149 014e 61646472 		.ascii	"address\000"
 1149      65737300 
 1150              	.LASF8:
 1151 0156 6C6F6E67 		.ascii	"long long unsigned int\000"
 1151      206C6F6E 
 1151      6720756E 
 1151      7369676E 
 1151      65642069 
 1152              	.LASF27:
 1153 016d 6366675F 		.ascii	"cfg_memset_t\000"
 1153      6D656D73 
 1153      65745F74 
 1153      00
 1154              	.LASF30:
 1155 017a 2E5C4765 		.ascii	".\\Generated_Source\\PSoC4\\cyfitter_cfg.c\000"
 1155      6E657261 
 1155      7465645F 
 1155      536F7572 
 1155      63655C50 
 1156              	.LASF9:
 1157 01a2 73697A65 		.ascii	"sizetype\000"
 1157      74797065 
 1157      00
 1158              	.LASF7:
 1159 01ab 6C6F6E67 		.ascii	"long long int\000"
 1159      206C6F6E 
 1159      6720696E 
 1159      7400
 1160              	.LASF31:
 1161 01b9 433A5C55 		.ascii	"C:\\Users\\Rohit\\Documents\\ALL DESKTOP JUNK\\9047"
 1161      73657273 
 1161      5C526F68 
 1161      69745C44 
 1161      6F63756D 
 1162 01e7 2D2D2D4C 		.ascii	"---Lab-1---group-7\\BLE Lab 1 - group 7.cydsn\000"
 1162      61622D31 
 1162      2D2D2D67 
 1162      726F7570 
ARM GAS  C:\Users\Rohit\AppData\Local\Temp\ccXd7hCh.s 			page 28


 1162      2D375C42 
 1163              	.LASF10:
 1164 0214 63686172 		.ascii	"char\000"
 1164      00
 1165              	.LASF3:
 1166 0219 73686F72 		.ascii	"short int\000"
 1166      7420696E 
 1166      7400
 1167              	.LASF5:
 1168 0223 6C6F6E67 		.ascii	"long int\000"
 1168      20696E74 
 1168      00
 1169              	.LASF1:
 1170 022c 7369676E 		.ascii	"signed char\000"
 1170      65642063 
 1170      68617200 
 1171              	.LASF22:
 1172 0238 4359434F 		.ascii	"CYCONFIGCPYCODE\000"
 1172      4E464947 
 1172      43505943 
 1172      4F444500 
 1173              	.LASF20:
 1174 0248 4359434F 		.ascii	"CYCONFIGCPY\000"
 1174      4E464947 
 1174      43505900 
 1175              		.ident	"GCC: (GNU Tools for ARM Embedded Processors) 4.9.3 20150303 (release) [ARM/embedded-4_9-br
